This is pdfTeX, Version 3.14159265-2.6-1.40.21 (MiKTeX 20.11) (preloaded format=pdflatex 2020.11.9)  9 NOV 2020 15:22
entering extended mode
**./main.tex
(main.tex
LaTeX2e <2020-10-01> patch level 2
L3 programming layer <2020-10-27> xparse <2020-03-03>
(C:\Users\ariel\AppData\Local\Programs\MiKTeX\tex/latex/base\report.cls
Document Class: report 2020/04/10 v1.4m Standard LaTeX document class
(C:\Users\ariel\AppData\Local\Programs\MiKTeX\tex/latex/base\size10.clo
File: size10.clo 2020/04/10 v1.4m Standard LaTeX file (size option)
)
\c@part=\count175
\c@chapter=\count176
\c@section=\count177
\c@subsection=\count178
\c@subsubsection=\count179
\c@paragraph=\count180
\c@subparagraph=\count181
\c@figure=\count182
\c@table=\count183
\abovecaptionskip=\skip47
\belowcaptionskip=\skip48
\bibindent=\dimen138
)
(C:\Users\ariel\AppData\Local\Programs\MiKTeX\tex/latex/base\inputenc.sty
Package: inputenc 2020/08/01 v1.3d Input encoding file
\inpenc@prehook=\toks15
\inpenc@posthook=\toks16
)
(C:\Users\ariel\AppData\Local\Programs\MiKTeX\tex/latex/base\fontenc.sty
Package: fontenc 2020/08/10 v2.0s Standard LaTeX package
)
(C:\Users\ariel\AppData\Local\Programs\MiKTeX\tex/generic/babel\babel.sty
Package: babel 2020/10/27 3.51 The Babel package

(C:\Users\ariel\AppData\Local\Programs\MiKTeX\tex/generic/babel\babel.def
File: babel.def 2020/10/27 3.51 Babel common definitions
\babel@savecnt=\count184
\U@D=\dimen139
\l@babelnohyphens=\language79

(C:\Users\ariel\AppData\Local\Programs\MiKTeX\tex/generic/babel\txtbabel.def)
\bbl@readstream=\read2
)
\bbl@dirlevel=\count185

*************************************
* Local config file bblopts.cfg used
*
(C:\Users\ariel\AppData\Local\Programs\MiKTeX\tex/latex/arabi\bblopts.cfg
File: bblopts.cfg 2005/09/08 v0.1 add Arabic and Farsi to "declared" options of
 babel
)
(C:\Users\ariel\AppData\Local\Programs\MiKTeX\tex/latex/babel-portuges\brazil.l
df
Language: portuges 2020/05/04 v1.2r Portuguese support from the babel system
Package babel Info: \l@brazil = using hyphenrules for portuguese
(babel)             (\language56) on input line 111.
Package babel Info: Making " an active character on input line 143.
))
(C:\Users\ariel\AppData\Local\Programs\MiKTeX\tex/latex/amsmath\amsmath.sty
Package: amsmath 2020/09/23 v2.17i AMS math features
\@mathmargin=\skip49

For additional information on amsmath, use the `?' option.
(C:\Users\ariel\AppData\Local\Programs\MiKTeX\tex/latex/amsmath\amstext.sty
Package: amstext 2000/06/29 v2.01 AMS text

(C:\Users\ariel\AppData\Local\Programs\MiKTeX\tex/latex/amsmath\amsgen.sty
File: amsgen.sty 1999/11/30 v2.0 generic functions
\@emptytoks=\toks17
\ex@=\dimen140
))
(C:\Users\ariel\AppData\Local\Programs\MiKTeX\tex/latex/amsmath\amsbsy.sty
Package: amsbsy 1999/11/29 v1.2d Bold Symbols
\pmbraise@=\dimen141
)
(C:\Users\ariel\AppData\Local\Programs\MiKTeX\tex/latex/amsmath\amsopn.sty
Package: amsopn 2016/03/08 v2.02 operator names
)
\inf@bad=\count186
LaTeX Info: Redefining \frac on input line 234.
\uproot@=\count187
\leftroot@=\count188
LaTeX Info: Redefining \overline on input line 399.
\classnum@=\count189
\DOTSCASE@=\count190
LaTeX Info: Redefining \ldots on input line 496.
LaTeX Info: Redefining \dots on input line 499.
LaTeX Info: Redefining \cdots on input line 620.
\Mathstrutbox@=\box47
\strutbox@=\box48
\big@size=\dimen142
LaTeX Font Info:    Redeclaring font encoding OML on input line 743.
LaTeX Font Info:    Redeclaring font encoding OMS on input line 744.
\macc@depth=\count191
\c@MaxMatrixCols=\count192
\dotsspace@=\muskip16
\c@parentequation=\count193
\dspbrk@lvl=\count194
\tag@help=\toks18
\row@=\count195
\column@=\count196
\maxfields@=\count197
\andhelp@=\toks19
\eqnshift@=\dimen143
\alignsep@=\dimen144
\tagshift@=\dimen145
\tagwidth@=\dimen146
\totwidth@=\dimen147
\lineht@=\dimen148
\@envbody=\toks20
\multlinegap=\skip50
\multlinetaggap=\skip51
\mathdisplay@stack=\toks21
LaTeX Info: Redefining \[ on input line 2923.
LaTeX Info: Redefining \] on input line 2924.
)
(C:\Users\ariel\AppData\Local\Programs\MiKTeX\tex/latex/amsfonts\amsfonts.sty
Package: amsfonts 2013/01/14 v3.01 Basic AMSFonts support
\symAMSa=\mathgroup4
\symAMSb=\mathgroup5
LaTeX Font Info:    Redeclaring math symbol \hbar on input line 98.
LaTeX Font Info:    Overwriting math alphabet `\mathfrak' in version `bold'
(Font)                  U/euf/m/n --> U/euf/b/n on input line 106.
)
(C:\Users\ariel\AppData\Local\Programs\MiKTeX\tex/latex/amsfonts\amssymb.sty
Package: amssymb 2013/01/14 v3.01 AMS font symbols
)
(C:\Users\ariel\AppData\Local\Programs\MiKTeX\tex/latex/base\makeidx.sty
Package: makeidx 2014/09/29 v1.0m Standard LaTeX package
)
(C:\Users\ariel\AppData\Local\Programs\MiKTeX\tex/latex/caption\caption.sty
Package: caption 2020/10/26 v3.5g Customizing captions (AR)

(C:\Users\ariel\AppData\Local\Programs\MiKTeX\tex/latex/caption\caption3.sty
Package: caption3 2020/10/21 v2.2e caption3 kernel (AR)

(C:\Users\ariel\AppData\Local\Programs\MiKTeX\tex/latex/graphics\keyval.sty
Package: keyval 2014/10/28 v1.15 key=value parser (DPC)
\KV@toks@=\toks22
)
\captionmargin=\dimen149
\captionmargin@=\dimen150
\captionwidth=\dimen151
\caption@tempdima=\dimen152
\caption@indent=\dimen153
\caption@parindent=\dimen154
\caption@hangindent=\dimen155
Package caption Info: Standard document class detected.
)
\c@caption@flags=\count198
\c@continuedfloat=\count199
)
(C:\Users\ariel\AppData\Local\Programs\MiKTeX\tex/latex/csquotes\csquotes.sty
Package: csquotes 2019-12-06 v5.2j context-sensitive quotations (JAW)

(C:\Users\ariel\AppData\Local\Programs\MiKTeX\tex/latex/etoolbox\etoolbox.sty
Package: etoolbox 2020/10/05 v2.5k e-TeX tools for LaTeX (JAW)
\etb@tempcnta=\count266
)
\csq@reset=\count267
\csq@gtype=\count268
\csq@glevel=\count269
\csq@qlevel=\count270
\csq@maxlvl=\count271
\csq@tshold=\count272
\csq@ltx@everypar=\toks23

(C:\Users\ariel\AppData\Local\Programs\MiKTeX\tex/latex/csquotes\csquotes.def
File: csquotes.def 2019-12-06 v5.2j csquotes generic definitions (JAW)
)
Package csquotes Info: Trying to load configuration file 'csquotes.cfg'...
Package csquotes Info: ... configuration file loaded successfully.

(C:\Users\ariel\AppData\Local\Programs\MiKTeX\tex/latex/csquotes\csquotes.cfg
File: csquotes.cfg 
)) (C:\Users\ariel\AppData\Local\Programs\MiKTeX\tex/latex/fancyvrb\fancyvrb.st
y
Package: fancyvrb 2020/05/03 v3.6 verbatim text (tvz,hv)
\FV@CodeLineNo=\count273
\FV@InFile=\read3
\FV@TabBox=\box49
\c@FancyVerbLine=\count274
\FV@StepNumber=\count275
\FV@OutFile=\write3
) (C:\Users\ariel\AppData\Local\Programs\MiKTeX\tex/latex/float\float.sty
Package: float 2001/11/08 v1.3d Float enhancements (AL)
\c@float@type=\count276
\float@exts=\toks24
\float@box=\box50
\@float@everytoks=\toks25
\@floatcapt=\box51
)
(C:\Users\ariel\AppData\Local\Programs\MiKTeX\tex/latex/tocloft\tocloft.sty
Package: tocloft 2017/08/31 v2.3i parameterised ToC, etc., typesetting
Package tocloft Info: The document has chapter divisions on input line 51.
\cftparskip=\skip52
\cftbeforetoctitleskip=\skip53
\cftaftertoctitleskip=\skip54
\cftbeforepartskip=\skip55
\cftpartnumwidth=\skip56
\cftpartindent=\skip57
\cftbeforechapskip=\skip58
\cftchapindent=\skip59
\cftchapnumwidth=\skip60
\cftbeforesecskip=\skip61
\cftsecindent=\skip62
\cftsecnumwidth=\skip63
\cftbeforesubsecskip=\skip64
\cftsubsecindent=\skip65
\cftsubsecnumwidth=\skip66
\cftbeforesubsubsecskip=\skip67
\cftsubsubsecindent=\skip68
\cftsubsubsecnumwidth=\skip69
\cftbeforeparaskip=\skip70
\cftparaindent=\skip71
\cftparanumwidth=\skip72
\cftbeforesubparaskip=\skip73
\cftsubparaindent=\skip74
\cftsubparanumwidth=\skip75
\cftbeforeloftitleskip=\skip76
\cftafterloftitleskip=\skip77
\cftbeforefigskip=\skip78
\cftfigindent=\skip79
\cftfignumwidth=\skip80
\c@lofdepth=\count277
\c@lotdepth=\count278
\cftbeforelottitleskip=\skip81
\cftafterlottitleskip=\skip82
\cftbeforetabskip=\skip83
\cfttabindent=\skip84
\cfttabnumwidth=\skip85
)
(C:\Users\ariel\AppData\Local\Programs\MiKTeX\tex/latex/titlesec\titlesec.sty
Package: titlesec 2019/10/16 v2.13 Sectioning titles
\ttl@box=\box52
\beforetitleunit=\skip86
\aftertitleunit=\skip87
\ttl@plus=\dimen156
\ttl@minus=\dimen157
\ttl@toksa=\toks26
\titlewidth=\dimen158
\titlewidthlast=\dimen159
\titlewidthfirst=\dimen160
)
(C:\Users\ariel\AppData\Local\Programs\MiKTeX\tex/latex/graphics\graphicx.sty
Package: graphicx 2020/09/09 v1.2b Enhanced LaTeX Graphics (DPC,SPQR)

(C:\Users\ariel\AppData\Local\Programs\MiKTeX\tex/latex/graphics\graphics.sty
Package: graphics 2020/08/30 v1.4c Standard LaTeX Graphics (DPC,SPQR)

(C:\Users\ariel\AppData\Local\Programs\MiKTeX\tex/latex/graphics\trig.sty
Package: trig 2016/01/03 v1.10 sin cos tan (DPC)
)
(C:\Users\ariel\AppData\Local\Programs\MiKTeX\tex/latex/graphics-cfg\graphics.c
fg
File: graphics.cfg 2016/06/04 v1.11 sample graphics configuration
)
Package graphics Info: Driver file: pdftex.def on input line 105.

(C:\Users\ariel\AppData\Local\Programs\MiKTeX\tex/latex/graphics-def\pdftex.def
File: pdftex.def 2020/10/05 v1.2a Graphics/color driver for pdftex
))
\Gin@req@height=\dimen161
\Gin@req@width=\dimen162
)
(C:\Users\ariel\AppData\Local\Programs\MiKTeX\tex/latex/tools\indentfirst.sty
Package: indentfirst 1995/11/23 v1.03 Indent first paragraph (DPC)
)
Package csquotes Info: Checking for multilingual support...
Package csquotes Info: ... found 'babel' package.
Package csquotes Info: Adjusting default style.
Package csquotes Info: Redefining alias 'default' -> 'brazil'.

(C:\Users\ariel\AppData\Local\Programs\MiKTeX\tex/latex/l3backend\l3backend-pdf
tex.def
File: l3backend-pdftex.def 2020-09-24 L3 backend support: PDF output (pdfTeX)
\l__kernel_color_stack_int=\count279
\l__pdf_internal_box=\box53
) (main.aux (chapters/abstract.aux) (chapters/introduction.aux)
(chapters/methodology.aux) (chapters/results.aux) (chapters/discussion.aux)
(chapters/conclusion.aux) (chapters/bibliography.aux) (chapters/code.aux))
\openout1 = `main.aux'.

LaTeX Font Info:    Checking defaults for OML/cmm/m/it on input line 28.
LaTeX Font Info:    ... okay on input line 28.
LaTeX Font Info:    Checking defaults for OMS/cmsy/m/n on input line 28.
LaTeX Font Info:    ... okay on input line 28.
LaTeX Font Info:    Checking defaults for OT1/cmr/m/n on input line 28.
LaTeX Font Info:    ... okay on input line 28.
LaTeX Font Info:    Checking defaults for T1/cmr/m/n on input line 28.
LaTeX Font Info:    ... okay on input line 28.
LaTeX Font Info:    Checking defaults for TS1/cmr/m/n on input line 28.
LaTeX Font Info:    ... okay on input line 28.
LaTeX Font Info:    Checking defaults for OMX/cmex/m/n on input line 28.
LaTeX Font Info:    ... okay on input line 28.
LaTeX Font Info:    Checking defaults for U/cmr/m/n on input line 28.
LaTeX Font Info:    ... okay on input line 28.
Package caption Info: Begin \AtBeginDocument code.
Package caption Info: float package is loaded.
Package caption Info: End \AtBeginDocument code.

(C:\Users\ariel\AppData\Local\Programs\MiKTeX\tex/context/base/mkii\supp-pdf.mk
ii
[Loading MPS to PDF converter (version 2006.09.02).]
\scratchcounter=\count280
\scratchdimen=\dimen163
\scratchbox=\box54
\nofMPsegments=\count281
\nofMParguments=\count282
\everyMPshowfont=\toks27
\MPscratchCnt=\count283
\MPscratchDim=\dimen164
\MPnumerator=\count284
\makeMPintoPDFobject=\count285
\everyMPtoPDFconversion=\toks28
)
(C:\Users\ariel\AppData\Local\Programs\MiKTeX\tex/latex/epstopdf-pkg\epstopdf-b
ase.sty
Package: epstopdf-base 2020-01-24 v2.11 Base part for package epstopdf
Package epstopdf-base Info: Redefining graphics rule for `.eps' on input line 4
85.
) (titlepage.tex
<images//uerj.png, id=1, 305.64188pt x 335.75438pt>
File: images//uerj.png Graphic file (type png)
<use images//uerj.png>
Package pdftex.def Info: images//uerj.png  used on input line 5.
(pdftex.def)             Requested size: 137.9979pt x 151.59013pt.
 [1

{C:/Users/ariel/AppData/Local/MiKTeX/pdftex/config/pdftex.map} <./images//uerj.
png>]) (main.toc
LaTeX Font Info:    Trying to load font information for U+msa on input line 2.

(C:\Users\ariel\AppData\Local\Programs\MiKTeX\tex/latex/amsfonts\umsa.fd
File: umsa.fd 2013/01/14 v3.01 AMS symbols A
)
LaTeX Font Info:    Trying to load font information for U+msb on input line 2.

(C:\Users\ariel\AppData\Local\Programs\MiKTeX\tex/latex/amsfonts\umsb.fd
File: umsb.fd 2013/01/14 v3.01 AMS symbols B
)
LaTeX Font Info:    Trying to load font information for T1+cmtt on input line 2
6.

(C:\Users\ariel\AppData\Local\Programs\MiKTeX\tex/latex/base\t1cmtt.fd
File: t1cmtt.fd 2019/12/16 v2.5j Standard LaTeX font definitions
))
\tf@toc=\write4
\openout4 = `main.toc'.


[1] (main.lof)
\tf@lof=\write5
\openout5 = `main.lof'.

 [2]
\openout2 = `chapters/abstract.aux'.

 (chapters/abstract.tex
Cap\'{\i }tulo 1.
) [3


]
\openout2 = `chapters/introduction.aux'.

 (chapters/introduction.tex
Cap\'{\i }tulo 2.
<images//esgoto.jpg, id=29, 1417.295pt x 1062.97125pt>
File: images//esgoto.jpg Graphic file (type jpg)
<use images//esgoto.jpg>
Package pdftex.def Info: images//esgoto.jpg  used on input line 17.
(pdftex.def)             Requested size: 241.49895pt x 181.12444pt.
[4




 <./images//esgoto.jpg>]
<images//dominio_sol.png, id=35, 877.02657pt x 274.02374pt>
File: images//dominio_sol.png Graphic file (type png)
<use images//dominio_sol.png>
Package pdftex.def Info: images//dominio_sol.png  used on input line 68.
(pdftex.def)             Requested size: 241.49895pt x 75.45502pt.
<images//iesimo_vol.png, id=37, 468.24937pt x 279.29344pt>
File: images//iesimo_vol.png Graphic file (type png)
<use images//iesimo_vol.png>
Package pdftex.def Info: images//iesimo_vol.png  used on input line 73.
(pdftex.def)             Requested size: 172.5pt x 102.88947pt.
 [5 <./images//dominio_sol.png> <./images//iesimo_vol.png>] [6]) [7]
\openout2 = `chapters/methodology.aux'.

 (chapters/methodology.tex
Cap\'{\i }tulo 3.
[8




] [9] [10] [11]) [12]
\openout2 = `chapters/results.aux'.

 (chapters/results.tex
Cap\'{\i }tulo 4.
<images//Lx50.png, id=72, 578.16pt x 505.89pt>
File: images//Lx50.png Graphic file (type png)
<use images//Lx50.png>
Package pdftex.def Info: images//Lx50.png  used on input line 21.
(pdftex.def)             Requested size: 241.49895pt x 211.30673pt.
<images//Lx100.png, id=73, 578.16pt x 505.89pt>
File: images//Lx100.png Graphic file (type png)
<use images//Lx100.png>
Package pdftex.def Info: images//Lx100.png  used on input line 26.
(pdftex.def)             Requested size: 241.49895pt x 211.30673pt.
[13




]
<images//Lx200.png, id=78, 578.16pt x 505.89pt>
File: images//Lx200.png Graphic file (type png)
<use images//Lx200.png>
Package pdftex.def Info: images//Lx200.png  used on input line 31.
(pdftex.def)             Requested size: 241.49895pt x 211.30673pt.
<images//Lx400.png, id=79, 578.16pt x 505.89pt>
File: images//Lx400.png Graphic file (type png)
<use images//Lx400.png>
Package pdftex.def Info: images//Lx400.png  used on input line 36.
(pdftex.def)             Requested size: 241.49895pt x 211.30673pt.
 [14 <./images//Lx50.png> <./images//Lx100.png>]
<images//nx25.png, id=85, 578.16pt x 505.89pt>
File: images//nx25.png Graphic file (type png)
<use images//nx25.png>
Package pdftex.def Info: images//nx25.png  used on input line 50.
(pdftex.def)             Requested size: 241.49895pt x 211.30673pt.
 [15 <./images//Lx200.png> <./images//Lx400.png>]
<images//nx50.png, id=91, 578.16pt x 505.89pt>
File: images//nx50.png Graphic file (type png)
<use images//nx50.png>
Package pdftex.def Info: images//nx50.png  used on input line 55.
(pdftex.def)             Requested size: 241.49895pt x 211.30673pt.
<images//nx100.png, id=92, 578.16pt x 505.89pt>
File: images//nx100.png Graphic file (type png)
<use images//nx100.png>
Package pdftex.def Info: images//nx100.png  used on input line 60.
(pdftex.def)             Requested size: 241.49895pt x 211.30673pt.
 [16 <./images//nx25.png> <./images//nx50.png>]
<images//u2e-2.png, id=98, 578.16pt x 505.89pt>
File: images//u2e-2.png Graphic file (type png)
<use images//u2e-2.png>
Package pdftex.def Info: images//u2e-2.png  used on input line 72.
(pdftex.def)             Requested size: 241.49895pt x 211.30673pt.
<images//u2e-1.png, id=99, 578.16pt x 505.89pt>
File: images//u2e-1.png Graphic file (type png)
<use images//u2e-1.png>
Package pdftex.def Info: images//u2e-1.png  used on input line 77.
(pdftex.def)             Requested size: 241.49895pt x 211.30673pt.
<images//u2e0.png, id=100, 578.16pt x 505.89pt>
File: images//u2e0.png Graphic file (type png)
<use images//u2e0.png>
Package pdftex.def Info: images//u2e0.png  used on input line 82.
(pdftex.def)             Requested size: 241.49895pt x 211.30673pt.
 [17 <./images//nx100.png> <./images//u2e-2.png>]
<images//alpha2e-4.png, id=107, 578.16pt x 505.89pt>
File: images//alpha2e-4.png Graphic file (type png)
<use images//alpha2e-4.png>
Package pdftex.def Info: images//alpha2e-4.png  used on input line 94.
(pdftex.def)             Requested size: 241.49895pt x 211.30673pt.
<images//alpha2e-2.png, id=108, 578.16pt x 505.89pt>
File: images//alpha2e-2.png Graphic file (type png)
<use images//alpha2e-2.png>
Package pdftex.def Info: images//alpha2e-2.png  used on input line 99.
(pdftex.def)             Requested size: 241.49895pt x 211.30673pt.
 [18 <./images//u2e-1.png> <./images//u2e0.png>]
<images//alpha2e-1.png, id=115, 578.16pt x 505.89pt>
File: images//alpha2e-1.png Graphic file (type png)
<use images//alpha2e-1.png>
Package pdftex.def Info: images//alpha2e-1.png  used on input line 104.
(pdftex.def)             Requested size: 241.49895pt x 211.30673pt.
<images//alpha2e0.png, id=116, 578.16pt x 505.89pt>
File: images//alpha2e0.png Graphic file (type png)
<use images//alpha2e0.png>
Package pdftex.def Info: images//alpha2e0.png  used on input line 109.
(pdftex.def)             Requested size: 241.49895pt x 211.30673pt.
 [19 <./images//alpha2e-4.png> <./images//alpha2e-2.png>]
<images//u0&alpha2e-4.png, id=122, 578.16pt x 505.89pt>
File: images//u0&alpha2e-4.png Graphic file (type png)
<use images//u0&alpha2e-4.png>
Package pdftex.def Info: images//u0&alpha2e-4.png  used on input line 123.
(pdftex.def)             Requested size: 241.49895pt x 211.30673pt.
 [20 <./images//alpha2e-1.png> <./images//alpha2e0.png>]
<images//u0&alpha2e-2.png, id=128, 578.16pt x 505.89pt>
File: images//u0&alpha2e-2.png Graphic file (type png)
<use images//u0&alpha2e-2.png>
Package pdftex.def Info: images//u0&alpha2e-2.png  used on input line 128.
(pdftex.def)             Requested size: 241.49895pt x 211.30673pt.
<images//u0&alpha2e-1.png, id=129, 578.16pt x 505.89pt>
File: images//u0&alpha2e-1.png Graphic file (type png)
<use images//u0&alpha2e-1.png>
Package pdftex.def Info: images//u0&alpha2e-1.png  used on input line 133.
(pdftex.def)             Requested size: 241.49895pt x 211.30673pt.
<images//u0&alpha2e0.png, id=130, 578.16pt x 505.89pt>
File: images//u0&alpha2e0.png Graphic file (type png)
<use images//u0&alpha2e0.png>
Package pdftex.def Info: images//u0&alpha2e0.png  used on input line 138.
(pdftex.def)             Requested size: 241.49895pt x 211.30673pt.
 [21 <./images//u0&alpha2e-4.png> <./images//u0&alpha2e-2.png>]
<images//c_ini0.5.png, id=136, 578.16pt x 505.89pt>
File: images//c_ini0.5.png Graphic file (type png)
<use images//c_ini0.5.png>
Package pdftex.def Info: images//c_ini0.5.png  used on input line 152.
(pdftex.def)             Requested size: 241.49895pt x 211.30673pt.
 [22 <./images//u0&alpha2e-1.png> <./images//u0&alpha2e0.png>]
<images//c_ini1.png, id=142, 578.16pt x 505.89pt>
File: images//c_ini1.png Graphic file (type png)
<use images//c_ini1.png>
Package pdftex.def Info: images//c_ini1.png  used on input line 157.
(pdftex.def)             Requested size: 241.49895pt x 211.30673pt.
<images//c_ini2.png, id=143, 578.16pt x 505.89pt>
File: images//c_ini2.png Graphic file (type png)
<use images//c_ini2.png>
Package pdftex.def Info: images//c_ini2.png  used on input line 162.
(pdftex.def)             Requested size: 241.49895pt x 211.30673pt.
 [23 <./images//c_ini0.5.png> <./images//c_ini1.png>]
<images//c_inj0.75.png, id=149, 578.16pt x 505.89pt>
File: images//c_inj0.75.png Graphic file (type png)
<use images//c_inj0.75.png>
Package pdftex.def Info: images//c_inj0.75.png  used on input line 176.
(pdftex.def)             Requested size: 241.49895pt x 211.30673pt.
<images//c_inj1.5.png, id=150, 578.16pt x 505.89pt>
File: images//c_inj1.5.png Graphic file (type png)
<use images//c_inj1.5.png>
Package pdftex.def Info: images//c_inj1.5.png  used on input line 181.
(pdftex.def)             Requested size: 241.49895pt x 211.30673pt.
 [24 <./images//c_ini2.png>]
<images//c_inj3.png, id=156, 578.16pt x 505.89pt>
File: images//c_inj3.png Graphic file (type png)
<use images//c_inj3.png>
Package pdftex.def Info: images//c_inj3.png  used on input line 186.
(pdftex.def)             Requested size: 241.49895pt x 211.30673pt.
 [25 <./images//c_inj0.75.png> <./images//c_inj1.5.png>]
<images//t_final150.png, id=162, 578.16pt x 505.89pt>
File: images//t_final150.png Graphic file (type png)
<use images//t_final150.png>
Package pdftex.def Info: images//t_final150.png  used on input line 199.
(pdftex.def)             Requested size: 241.49895pt x 211.30673pt.
<images//t_final300.png, id=163, 578.16pt x 505.89pt>
File: images//t_final300.png Graphic file (type png)
<use images//t_final300.png>
Package pdftex.def Info: images//t_final300.png  used on input line 204.
(pdftex.def)             Requested size: 241.49895pt x 211.30673pt.
<images//t_final600.png, id=164, 578.16pt x 505.89pt>
File: images//t_final600.png Graphic file (type png)
<use images//t_final600.png>
Package pdftex.def Info: images//t_final600.png  used on input line 209.
(pdftex.def)             Requested size: 241.49895pt x 211.30673pt.
 [26 <./images//c_inj3.png> <./images//t_final150.png>]
<images//t_final900.png, id=170, 578.16pt x 505.89pt>
File: images//t_final900.png Graphic file (type png)
<use images//t_final900.png>
Package pdftex.def Info: images//t_final900.png  used on input line 214.
(pdftex.def)             Requested size: 241.49895pt x 211.30673pt.
 [27 <./images//t_final300.png> <./images//t_final600.png>]) [28 <./images//t_f
inal900.png>]
\openout2 = `chapters/discussion.aux'.


(chapters/discussion.tex
Cap\'{\i }tulo 5.
) [29




]
\openout2 = `chapters/conclusion.aux'.

 (chapters/conclusion.tex
Cap\'{\i }tulo 6.
) [30




]
\openout2 = `chapters/bibliography.aux'.

 (chapters/bibliography.tex
Cap\'{\i }tulo 7.
) [31




]
\openout2 = `chapters/code.aux'.

 (chapters/code.tex
Cap\'{\i }tulo 8.
LaTeX Font Info:    Font shape `T1/cmtt/bx/n' in size <12> not available
(Font)              Font shape `T1/cmtt/m/n' tried instead on input line 3.
LaTeX Font Info:    Font shape `T1/cmtt/bx/n' in size <10> not available
(Font)              Font shape `T1/cmtt/m/n' tried instead on input line 5.
[32




]
LaTeX Font Info:    Trying to load font information for TS1+cmtt on input line 
100.
 (C:\Users\ariel\AppData\Local\Programs\MiKTeX\tex/latex/base\ts1cmtt.fd
File: ts1cmtt.fd 2019/12/16 v2.5j Standard LaTeX font definitions
)
[33] [34] [35]) [36] (main.aux (chapters/abstract.aux)
(chapters/introduction.aux) (chapters/methodology.aux) (chapters/results.aux)
(chapters/discussion.aux) (chapters/conclusion.aux) (chapters/bibliography.aux)
(chapters/code.aux)) ) 
Here is how much of TeX's memory you used:
 6859 strings out of 479832
 106797 string characters out of 2871058
 408965 words of memory out of 3000000
 23666 multiletter control sequences out of 15000+200000
 551386 words of font info for 63 fonts, out of 3000000 for 9000
 1141 hyphenation exceptions out of 8191
 66i,8n,72p,371b,333s stack positions out of 5000i,500n,10000p,200000b,50000s
{C:/Users/ariel/AppData/Local/Programs/MiKTeX/fonts/enc/d
vips/cm-super/cm-super-ts1.enc}{C:/Users/ariel/AppData/Local/Programs/MiKTeX/fo
nts/enc/dvips/cm-super/cm-super-t1.enc}<C:/Users/ariel/AppData/Local/Programs/M
iKTeX/fonts/type1/public/amsfonts/cm/cmex10.pfb><C:/Users/ariel/AppData/Local/P
rograms/MiKTeX/fonts/type1/public/amsfonts/cm/cmmi10.pfb><C:/Users/ariel/AppDat
a/Local/Programs/MiKTeX/fonts/type1/public/amsfonts/cm/cmmi12.pfb><C:/Users/ari
el/AppData/Local/Programs/MiKTeX/fonts/type1/public/amsfonts/cm/cmmi5.pfb><C:/U
sers/ariel/AppData/Local/Programs/MiKTeX/fonts/type1/public/amsfonts/cm/cmmi7.p
fb><C:/Users/ariel/AppData/Local/Programs/MiKTeX/fonts/type1/public/amsfonts/cm
/cmr10.pfb><C:/Users/ariel/AppData/Local/Programs/MiKTeX/fonts/type1/public/ams
fonts/cm/cmr12.pfb><C:/Users/ariel/AppData/Local/Programs/MiKTeX/fonts/type1/pu
blic/amsfonts/cm/cmr5.pfb><C:/Users/ariel/AppData/Local/Programs/MiKTeX/fonts/t
ype1/public/amsfonts/cm/cmr7.pfb><C:/Users/ariel/AppData/Local/Programs/MiKTeX/
fonts/type1/public/amsfonts/cm/cmsy10.pfb><C:/Users/ariel/AppData/Local/Program
s/MiKTeX/fonts/type1/public/amsfonts/cm/cmsy5.pfb><C:/Users/ariel/AppData/Local
/Programs/MiKTeX/fonts/type1/public/amsfonts/cm/cmsy7.pfb><C:/Users/ariel/AppDa
ta/Local/Programs/MiKTeX/fonts/type1/public/cm-super/sfbx1000.pfb><C:/Users/ari
el/AppData/Local/Programs/MiKTeX/fonts/type1/public/cm-super/sfbx1200.pfb><C:/U
sers/ariel/AppData/Local/Programs/MiKTeX/fonts/type1/public/cm-super/sfbx1440.p
fb><C:/Users/ariel/AppData/Local/Programs/MiKTeX/fonts/type1/public/cm-super/sf
bx2074.pfb><C:/Users/ariel/AppData/Local/Programs/MiKTeX/fonts/type1/public/cm-
super/sfbx2488.pfb><C:/Users/ariel/AppData/Local/Programs/MiKTeX/fonts/type1/pu
blic/cm-super/sfrm0700.pfb><C:/Users/ariel/AppData/Local/Programs/MiKTeX/fonts/
type1/public/cm-super/sfrm1000.pfb><C:/Users/ariel/AppData/Local/Programs/MiKTe
X/fonts/type1/public/cm-super/sfrm2488.pfb><C:/Users/ariel/AppData/Local/Progra
ms/MiKTeX/fonts/type1/public/cm-super/sfti1000.pfb><C:/Users/ariel/AppData/Loca
l/Programs/MiKTeX/fonts/type1/public/cm-super/sftt0800.pfb><C:/Users/ariel/AppD
ata/Local/Programs/MiKTeX/fonts/type1/public/cm-super/sftt1000.pfb><C:/Users/ar
iel/AppData/Local/Programs/MiKTeX/fonts/type1/public/cm-super/sftt1200.pfb>
Output written on main.pdf (37 pages, 2199443 bytes).
PDF statistics:
 288 PDF objects out of 1000 (max. 8388607)
 0 named destinations out of 1000 (max. 500000)
 161 words of extra memory for PDF output out of 10000 (max. 10000000)

